Terminals unused in grammar

    LPAR
    RPAR
    PLUS
    MINUS
    DIV
    MULT


Grammar

    0 $accept: P END

    1 P: INTLIT


Terminals, with rules where they appear

    END (0) 0
    error (256)
    LPAR (258)
    RPAR (259)
    PLUS (260)
    MINUS (261)
    DIV (262)
    MULT (263)
    INTLIT (264) 1


Nonterminals, with rules where they appear

    $accept (10)
        on left: 0
    P (11)
        on left: 1
        on right: 0


State 0

    0 $accept: . P END

    INTLIT  shift, and go to state 1

    P  go to state 2


State 1

    1 P: INTLIT .

    $default  reduce using rule 1 (P)


State 2

    0 $accept: P . END

    END  shift, and go to state 3


State 3

    0 $accept: P END .

    $default  accept
